<?xml version="1.0" encoding="utf-8"?><testsuites name="pytest tests"><testsuite name="pytest" errors="0" failures="1" skipped="0" tests="22" time="3.486" timestamp="2026-08-29T15:01:07.927958+00:00" hostname="agent-env-72b99cc5-978d-4cd1-83b0-85081d6a0c8a"><testcase classname="tests.test_rxsync_api.TestRoutines" name="test_today_bounded_five_doses" time="0.543" /><testcase classname="tests.test_rxsync_api.TestAuth" name="test_send_otp_patient" time="0.531" /><testcase classname="tests.test_rxsync_api.TestAuth" name="test_verify_otp_all_roles[+919876543210-patient]" time="0.143" /><testcase classname="tests.test_rxsync_api.TestRoutines" name="test_log_dose_updates_status" time="0.111" /><testcase classname="tests.test_rxsync_api.TestRoutines" name="test_compliance_stats" time="0.033" /><testcase classname="tests.test_rxsync_api.TestAuth" name="test_verify_otp_all_roles[+919876500001-caregiver]" time="0.098" /><testcase classname="tests.test_rxsync_api.TestMedications" name="test_check_interactions_fast" time="1.337" /><testcase classname="tests.test_rxsync_api.TestAuth" name="test_verify_otp_all_roles[+919876500099-pharmacist]" time="0.101" /><testcase classname="tests.test_rxsync_api.TestAuth" name="test_verify_otp_all_roles[+919876500088-clinic]" time="0.116" /><testcase classname="tests.test_rxsync_api.TestAuth" name="test_verify_otp_wrong" time="0.031" /><testcase classname="tests.test_rxsync_api.TestHealthStatus" name="test_log_well" time="0.078" /><testcase classname="tests.test_rxsync_api.TestHealthStatus" name="test_log_unwell_triggers_dispatch" time="0.088" /><testcase classname="tests.test_rxsync_api.TestHealthStatus" name="test_sos_button" time="0.082" /><testcase classname="tests.test_rxsync_api.TestPrescriptions" name="test_extract_ocr_fallback" time="0.032" /><testcase classname="tests.test_rxsync_api.TestPrescriptions" name="test_verify_and_save" time="0.103" /><testcase classname="tests.test_rxsync_api.TestPharmacist" name="test_refill_queue" time="0.031" /><testcase classname="tests.test_rxsync_api.TestPharmacist" name="test_process_refill" time="0.063" /><testcase classname="tests.test_rxsync_api.TestDispatch" name="test_dispatch_alert_endpoint" time="0.069" /><testcase classname="tests.test_rxsync_api.TestDispatch" name="test_dispatch_logs" time="0.030" /><testcase classname="tests.test_rxsync_api.TestMagicLink" name="test_create_and_claim" time="0.156"><failure message="assert 404 == 200&#10; +  where 404 = &lt;Response [404]&gt;.status_code">backend/tests/test_rxsync_api.py:248: in test_create_and_claim
    assert r2.status_code == 200
E   assert 404 == 200
E    +  where 404 = &lt;Response [404]&gt;.status_code</failure></testcase><testcase classname="tests.test_rxsync_api.TestMedications" name="test_check_interactions_empty" time="1.019" /><testcase classname="tests.test_rxsync_api.TestMedications" name="test_medication_education_multilang" time="0.137" /></testsuite></testsuites>